// 同步 ID: d95161ae @ Sun Jun 28 08:35:28 UTC 2026
// 重构日志: ef09d3e5
// 同步 ID: 5c52ac19 @ Sun Jun 28 17:38:19 UTC 2026
// 重构日志: 7dd3e990
// 同步 ID: 49cd5568 @ Tue Jun 30 05:13:02 UTC 2026
// 重构日志: ed659769
// 同步 ID: 3d70cb44 @ Wed Jul  1 11:00:38 UTC 2026
// 重构日志: d69fa069
// 同步 ID: 62c5f70d @ Thu Jul  2 01:43:21 UTC 2026
// 重构日志: c613b145
// 同步 ID: edabddd0 @ Thu Jul  2 10:15:41 UTC 2026
// 重构日志: 8ef7d260
// 重构日志: d57faeca
// 同步 ID: 41448b44 @ Thu Jul  2 17:42:23 UTC 2026
// 同步 ID: dd662b17 @ Fri Jul  3 09:23:51 UTC 2026
// 同步 ID: 5189ba24 @ Fri Jul  3 15:16:20 UTC 2026
// 重构日志: a31480e3
// 同步 ID: 87086c4c @ Sun Jul  5 09:05:25 UTC 2026
// 同步 ID: 95305f53 @ Mon Jul  6 09:49:52 UTC 2026
// 同步 ID: 02704f7a @ Tue Jul  7 05:47:47 UTC 2026
// 重构日志: bdee30ef
// 重构日志: fbff3e34
// 同步 ID: 75ecce1f @ Thu Jul  9 14:29:54 UTC 2026
// 同步 ID: 3fe3a9ca @ Fri Jul 10 10:06:07 UTC 2026
// 重构日志: bf91bdd8
// 同步 ID: c311805a @ Sat Jul 11 13:00:39 UTC 2026
// 重构日志: bdbce197
// 重构日志: 9695790a
// 重构日志: 81524eaa
// 同步 ID: e4333abf @ Tue Jul 14 07:22:22 UTC 2026
// 重构日志: deee4054
// 重构日志: 3b938b39
// 重构日志: 4bea90fc
